========数据库备份开始 ======== 
备份时间: 11-05-0914:12:52
———————————————– 
数据库备份失败!
======== 数据库备份完成 ========
========数据库备份开始 ======== 
备份时间: 11-05-0914:13:12
———————————————– 
数据库备份失败!
======== 数据库备份完成 ========
========数据库备份开始 ======== 
备份时间: 11-05-0914:13:26
———————————————– 
数据库备份失败!
======== 数据库备份完成 ========
========数据库备份开始 ======== 
备份时间: 11-05-1016:05:23
———————————————– 
数据库备份失败!
======== 数据库备份完成 ========
========数据库备份开始 ======== 
备份时间: 11-05-1022:42:13
———————————————– 
数据库备份失败!
======== 数据库备份完成 ========
========数据库备份开始 ======== 
备份时间: 11-05-1200:24:25
———————————————– 
数据库备份失败!
======== 数据库备份完成 ========
