2011-04-02 23:17:06 Error: [MissingControllerException] Controller class PController could not be found.
#0 /var/www/cakephp/app/webroot/index.php(78): Dispatcher->dispatch(Object(CakeRequest))
#1 {main}
2011-04-02 23:17:06 Error: [MissingControllerException] Controller class PostController could not be found.
#0 /var/www/cakephp/app/webroot/index.php(78): Dispatcher->dispatch(Object(CakeRequest))
#1 {main}
2011-04-02 23:17:07 Error: [MissingTableException] Database table posts for model Post was not found.
#0 /var/www/cakephp/cake/libs/model/model.php(2883): Model->setSource('posts')
#1 /var/www/cakephp/cake/libs/model/model.php(2161): Model->getDataSource()
#2 /var/www/cakephp/app/controllers/posts_controller.php(6): Model->find('all')
#3 [internal function]: PostsController->index()
#4 /var/www/cakephp/cake/libs/dispatcher.php(170): call_user_func_array(Array, Array)
#5 /var/www/cakephp/cake/libs/dispatcher.php(119): Dispatcher->_invoke(Object(PostsController), Object(CakeRequest))
#6 /var/www/cakephp/app/webroot/index.php(78): Dispatcher->dispatch(Object(CakeRequest))
#7 {main}
2011-04-02 23:17:07 Error: [MissingTableException] Database table posts for model Post was not found.
#0 /var/www/cakephp/cake/libs/model/model.php(2883): Model->setSource('posts')
#1 /var/www/cakephp/cake/libs/model/model.php(2161): Model->getDataSource()
#2 /var/www/cakephp/app/controllers/posts_controller.php(6): Model->find('all')
#3 [internal function]: PostsController->index()
#4 /var/www/cakephp/cake/libs/dispatcher.php(170): call_user_func_array(Array, Array)
#5 /var/www/cakephp/cake/libs/dispatcher.php(119): Dispatcher->_invoke(Object(PostsController), Object(CakeRequest))
#6 /var/www/cakephp/app/webroot/index.php(78): Dispatcher->dispatch(Object(CakeRequest))
#7 {main}
2011-04-02 23:21:07 Error: [MissingControllerException] Controller class AController could not be found.
#0 /var/www/cakephp/app/webroot/index.php(78): Dispatcher->dispatch(Object(CakeRequest))
#1 {main}
2011-04-02 23:21:07 Error: [MissingControllerException] Controller class AaController could not be found.
#0 /var/www/cakephp/app/webroot/index.php(78): Dispatcher->dispatch(Object(CakeRequest))
#1 {main}
2011-04-02 23:21:08 Error: [MissingControllerException] Controller class AaController could not be found.
#0 /var/www/cakephp/app/webroot/index.php(78): Dispatcher->dispatch(Object(CakeRequest))
#1 {main}
2011-04-02 23:21:08 Error: [MissingControllerException] Controller class AController could not be found.
#0 /var/www/cakephp/app/webroot/index.php(78): Dispatcher->dispatch(Object(CakeRequest))
#1 {main}
2011-04-02 23:21:08 Error: [MissingControllerException] Controller class AController could not be found.
#0 /var/www/cakephp/app/webroot/index.php(78): Dispatcher->dispatch(Object(CakeRequest))
#1 {main}
2011-04-02 23:21:10 Error: [MissingControllerException] Controller class AcController could not be found.
#0 /var/www/cakephp/app/webroot/index.php(78): Dispatcher->dispatch(Object(CakeRequest))
#1 {main}
2011-04-02 23:21:10 Error: [MissingControllerException] Controller class AccController could not be found.
#0 /var/www/cakephp/app/webroot/index.php(78): Dispatcher->dispatch(Object(CakeRequest))
#1 {main}
2011-04-02 23:21:11 Error: [MissingControllerException] Controller class AccouController could not be found.
#0 /var/www/cakephp/app/webroot/index.php(78): Dispatcher->dispatch(Object(CakeRequest))
#1 {main}
2011-04-02 23:21:11 Error: [MissingControllerException] Controller class AccountController could not be found.
#0 /var/www/cakephp/app/webroot/index.php(78): Dispatcher->dispatch(Object(CakeRequest))
#1 {main}
2011-04-02 23:21:12 Error: [MissingTableException] Database table posts for model Post was not found.
#0 /var/www/cakephp/cake/libs/model/model.php(2883): Model->setSource('posts')
#1 /var/www/cakephp/cake/libs/model/model.php(2161): Model->getDataSource()
#2 /var/www/cakephp/app/controllers/accounts_controller.php(6): Model->find('all')
#3 [internal function]: AccountsController->index()
#4 /var/www/cakephp/cake/libs/dispatcher.php(170): call_user_func_array(Array, Array)
#5 /var/www/cakephp/cake/libs/dispatcher.php(119): Dispatcher->_invoke(Object(AccountsController), Object(CakeRequest))
#6 /var/www/cakephp/app/webroot/index.php(78): Dispatcher->dispatch(Object(CakeRequest))
#7 {main}
2011-04-02 23:21:12 Error: [MissingTableException] Database table posts for model Post was not found.
#0 /var/www/cakephp/cake/libs/model/model.php(2883): Model->setSource('posts')
#1 /var/www/cakephp/cake/libs/model/model.php(2161): Model->getDataSource()
#2 /var/www/cakephp/app/controllers/accounts_controller.php(6): Model->find('all')
#3 [internal function]: AccountsController->index()
#4 /var/www/cakephp/cake/libs/dispatcher.php(170): call_user_func_array(Array, Array)
#5 /var/www/cakephp/cake/libs/dispatcher.php(119): Dispatcher->_invoke(Object(AccountsController), Object(CakeRequest))
#6 /var/www/cakephp/app/webroot/index.php(78): Dispatcher->dispatch(Object(CakeRequest))
#7 {main}
2011-04-02 23:21:58 Error: [MissingControllerException] Controller class AccountController could not be found.
#0 /var/www/cakephp/app/webroot/index.php(78): Dispatcher->dispatch(Object(CakeRequest))
#1 {main}
2011-04-02 23:22:01 Error: [MissingTableException] Database table posts for model Post was not found.
#0 /var/www/cakephp/cake/libs/model/model.php(2883): Model->setSource('posts')
#1 /var/www/cakephp/cake/libs/model/model.php(2161): Model->getDataSource()
#2 /var/www/cakephp/app/controllers/accounts_controller.php(6): Model->find('all')
#3 [internal function]: AccountsController->index()
#4 /var/www/cakephp/cake/libs/dispatcher.php(170): call_user_func_array(Array, Array)
#5 /var/www/cakephp/cake/libs/dispatcher.php(119): Dispatcher->_invoke(Object(AccountsController), Object(CakeRequest))
#6 /var/www/cakephp/app/webroot/index.php(78): Dispatcher->dispatch(Object(CakeRequest))
#7 {main}
2011-04-02 23:22:01 Error: [MissingTableException] Database table posts for model Post was not found.
#0 /var/www/cakephp/cake/libs/model/model.php(2883): Model->setSource('posts')
#1 /var/www/cakephp/cake/libs/model/model.php(2161): Model->getDataSource()
#2 /var/www/cakephp/app/controllers/accounts_controller.php(6): Model->find('all')
#3 [internal function]: AccountsController->index()
#4 /var/www/cakephp/cake/libs/dispatcher.php(170): call_user_func_array(Array, Array)
#5 /var/www/cakephp/cake/libs/dispatcher.php(119): Dispatcher->_invoke(Object(AccountsController), Object(CakeRequest))
#6 /var/www/cakephp/app/webroot/index.php(78): Dispatcher->dispatch(Object(CakeRequest))
#7 {main}
2011-04-02 23:22:13 Error: [MissingControllerException] Controller class AccountController could not be found.
#0 /var/www/cakephp/app/webroot/index.php(78): Dispatcher->dispatch(Object(CakeRequest))
#1 {main}
2011-04-02 23:22:14 Error: [MissingTableException] Database table posts for model Post was not found.
#0 /var/www/cakephp/cake/libs/model/model.php(2883): Model->setSource('posts')
#1 /var/www/cakephp/cake/libs/model/model.php(2161): Model->getDataSource()
#2 /var/www/cakephp/app/controllers/accounts_controller.php(6): Model->find('all')
#3 [internal function]: AccountsController->index()
#4 /var/www/cakephp/cake/libs/dispatcher.php(170): call_user_func_array(Array, Array)
#5 /var/www/cakephp/cake/libs/dispatcher.php(119): Dispatcher->_invoke(Object(AccountsController), Object(CakeRequest))
#6 /var/www/cakephp/app/webroot/index.php(78): Dispatcher->dispatch(Object(CakeRequest))
#7 {main}
2011-04-02 23:22:14 Error: [MissingTableException] Database table posts for model Post was not found.
#0 /var/www/cakephp/cake/libs/model/model.php(2883): Model->setSource('posts')
#1 /var/www/cakephp/cake/libs/model/model.php(2161): Model->getDataSource()
#2 /var/www/cakephp/app/controllers/accounts_controller.php(6): Model->find('all')
#3 [internal function]: AccountsController->index()
#4 /var/www/cakephp/cake/libs/dispatcher.php(170): call_user_func_array(Array, Array)
#5 /var/www/cakephp/cake/libs/dispatcher.php(119): Dispatcher->_invoke(Object(AccountsController), Object(CakeRequest))
#6 /var/www/cakephp/app/webroot/index.php(78): Dispatcher->dispatch(Object(CakeRequest))
#7 {main}
2011-04-02 23:23:21 Error: [MissingViewException] View file "/var/www/cakephp/app/views/accounts/index.ctp" is missing.
#0 /var/www/cakephp/cake/libs/view/view.php(388): View->_getViewFileName(NULL)
#1 /var/www/cakephp/cake/libs/controller/controller.php(848): View->render(NULL, NULL, NULL)
#2 /var/www/cakephp/cake/libs/dispatcher.php(174): Controller->render()
#3 /var/www/cakephp/cake/libs/dispatcher.php(119): Dispatcher->_invoke(Object(AccountsController), Object(CakeRequest))
#4 /var/www/cakephp/app/webroot/index.php(78): Dispatcher->dispatch(Object(CakeRequest))
#5 {main}
2011-04-02 23:24:00 Error: [MissingViewException] View file "/var/www/cakephp/app/views/accounts/index.ctp" is missing.
#0 /var/www/cakephp/cake/libs/view/view.php(388): View->_getViewFileName(NULL)
#1 /var/www/cakephp/cake/libs/controller/controller.php(848): View->render(NULL, NULL, NULL)
#2 /var/www/cakephp/cake/libs/dispatcher.php(174): Controller->render()
#3 /var/www/cakephp/cake/libs/dispatcher.php(119): Dispatcher->_invoke(Object(AccountsController), Object(CakeRequest))
#4 /var/www/cakephp/app/webroot/index.php(78): Dispatcher->dispatch(Object(CakeRequest))
#5 {main}
2011-04-03 00:01:31 Error: [MissingControllerException] Controller class AccountController could not be found.
#0 /var/www/cakephp/app/webroot/index.php(78): Dispatcher->dispatch(Object(CakeRequest))
#1 {main}
2011-04-03 00:01:31 Error: [MissingControllerException] Controller class AccountController could not be found.
#0 /var/www/cakephp/app/webroot/index.php(78): Dispatcher->dispatch(Object(CakeRequest))
#1 {main}
2011-04-03 00:55:04 Error: [MissingActionException] Action AccountsController::c() could not be found.
#0 /var/www/cakephp/cake/libs/dispatcher.php(119): Dispatcher->_invoke(Object(AccountsController), Object(CakeRequest))
#1 /var/www/cakephp/app/webroot/index.php(78): Dispatcher->dispatch(Object(CakeRequest))
#2 {main}
2011-04-03 00:55:04 Error: [MissingActionException] Action AccountsController::c() could not be found.
#0 /var/www/cakephp/cake/libs/dispatcher.php(119): Dispatcher->_invoke(Object(AccountsController), Object(CakeRequest))
#1 /var/www/cakephp/app/webroot/index.php(78): Dispatcher->dispatch(Object(CakeRequest))
#2 {main}
2011-04-03 00:55:04 Error: [MissingActionException] Action AccountsController::crea() could not be found.
#0 /var/www/cakephp/cake/libs/dispatcher.php(119): Dispatcher->_invoke(Object(AccountsController), Object(CakeRequest))
#1 /var/www/cakephp/app/webroot/index.php(78): Dispatcher->dispatch(Object(CakeRequest))
#2 {main}
2011-04-03 00:55:05 Error: [MissingActionException] Action AccountsController::create() could not be found.
#0 /var/www/cakephp/cake/libs/dispatcher.php(119): Dispatcher->_invoke(Object(AccountsController), Object(CakeRequest))
#1 /var/www/cakephp/app/webroot/index.php(78): Dispatcher->dispatch(Object(CakeRequest))
#2 {main}
2011-04-03 00:55:05 Error: [MissingActionException] Action AccountsController::create() could not be found.
#0 /var/www/cakephp/cake/libs/dispatcher.php(119): Dispatcher->_invoke(Object(AccountsController), Object(CakeRequest))
#1 /var/www/cakephp/app/webroot/index.php(78): Dispatcher->dispatch(Object(CakeRequest))
#2 {main}
2011-04-03 00:55:16 Error: [MissingActionException] Action AccountsController::new() could not be found.
#0 /var/www/cakephp/cake/libs/dispatcher.php(119): Dispatcher->_invoke(Object(AccountsController), Object(CakeRequest))
#1 /var/www/cakephp/app/webroot/index.php(78): Dispatcher->dispatch(Object(CakeRequest))
#2 {main}
2011-04-03 00:55:16 Error: [MissingActionException] Action AccountsController::new() could not be found.
#0 /var/www/cakephp/cake/libs/dispatcher.php(119): Dispatcher->_invoke(Object(AccountsController), Object(CakeRequest))
#1 /var/www/cakephp/app/webroot/index.php(78): Dispatcher->dispatch(Object(CakeRequest))
#2 {main}
2011-04-03 00:55:19 Error: [MissingControllerException] Controller class AccountController could not be found.
#0 /var/www/cakephp/app/webroot/index.php(78): Dispatcher->dispatch(Object(CakeRequest))
#1 {main}
2011-04-03 00:55:19 Error: [MissingControllerException] Controller class AccountController could not be found.
#0 /var/www/cakephp/app/webroot/index.php(78): Dispatcher->dispatch(Object(CakeRequest))
#1 {main}
2011-04-03 13:43:43 Error: [MissingControllerException] Controller class AccountController could not be found.
#0 /var/www/cakephp/app/webroot/index.php(78): Dispatcher->dispatch(Object(CakeRequest))
#1 {main}
